[LOG] System::create                           : Header version = 1.10.05. Current version = 1.10.05.
[LOG] SystemI::setOutputInternal               : Setting output to 'FMOD WASAPI Output'
[LOG] Manager::init                            : maxchannels = 1024 studioflags = 00000009 flags 00000000 extradriverdata 0000000000000000.
[LOG] SystemI::init                            : Initialize version=11005 (94661), maxchannels=1024, flags=0x00030000
[LOG] OutputWASAPI::init                       : Mix Format (WAVEFORMATEX): wFormatTag=0xFFFE, nChannels=2, nSamplesPerSec=48000, nAvgBytesPerSec=384000, nBlockAlign=8, wBitsPerSample=32, cbSize=22.
[LOG] OutputWASAPI::init                       : Mix Format (WAVEFORMATEXTENSIBLE): wValidBitsPerSample=32, dwChannelMask=0x00000003, SubFormat=00000003-0000-0010-8000-00AA00389B71.
[LOG] OutputWASAPI::init                       : Output buffer size: 4096 samples, latency: 10.67ms, period: 10.00ms, DSP buffer: 1024 * 4
[LOG] Thread::initThread                       : Init FMOD stream thread. Priority: 2, Stack Size: 65536, Semaphore: No, Sleep Time: 10, Looping: Yes.
[LOG] SystemI::DSPCodecPoolRegister            : register codec pool for pool type 5
[LOG] Thread::initThread                       : Init FMOD mixer thread. Priority: 3, Stack Size: 49152, Semaphore: No, Sleep Time: 0, Looping: Yes.
[LOG] AsyncManager::init                       : manager 00000000682D0B38 isAsync 1 updatePeriod 0.02
[LOG] Thread::initThread                       : Init FMOD Studio update thread. Priority: 0, Stack Size: 65536, Semaphore: No, Sleep Time: 1, Looping: No.
[LOG] AsyncManager::init                       : done
[LOG] PlaybackSystem::init                     : 
[LOG] Thread::initThread                       : Init FMOD Studio sample load thread. Priority: 0, Stack Size: 65536, Semaphore: No, Sleep Time: 1, Looping: No.
[LOG] PlaybackSystem::init                     : done
[LOG] LiveUpdate::init                         : 
[LOG] Thread::initThread                       : Init FMOD Studio bank load thread. Priority: 0, Stack Size: 65536, Semaphore: No, Sleep Time: 1, Looping: No.
[LOG] Manager::init                            : done.
[LOG] Profile::init                            : Profiler listening on port: 9264
[LOG] Manager::readBank                        : fileversion = 99, compatVersion = 99 (oldest = 44, newest = 100)
[LOG] Manager::readBank                        : fileversion = 99, compatVersion = 99 (oldest = 44, newest = 100)
[LOG] PlaybackSystem::acquireMasterBus         : Setting master channel group format to 3
[LOG] SystemI::createSoundInternal             : Create name='', mode=0x02000202
[LOG] SystemI::createSoundInternal             : exinfo->cbsize             = 232
[LOG] SystemI::createSoundInternal             : exinfo->length             = 50712736
[LOG] SystemI::createSoundInternal             : exinfo->fileoffset         = 115648
[LOG] SystemI::createSoundInternal             : exinfo->numsubsounds       = 1
[LOG] SystemI::createSoundInternal             : exinfo->inclusionlist      = 00000000752FF5FC
[LOG] SystemI::createSoundInternal             : exinfo->inclusionlistnum   = 1
[LOG] SystemI::createSoundInternal             : exinfo->suggestedsoundtype = 5
[LOG] SystemI::createSoundInternal             : exinfo->useropen           = 000007FED1F5E4B0
[LOG] SystemI::createSoundInternal             : exinfo->userclose          = 000007FED1F5E480
[LOG] SystemI::createSoundInternal             : exinfo->userread           = 000007FED1F5E580
[LOG] SystemI::createSoundInternal             : exinfo->userseek           = 000007FED1F5E640
[LOG] SystemI::createSoundInternal             : exinfo->fileuserdata       = 000000005986F5F8
[LOG] SystemI::createSoundInternal             : exinfo->initialseekpostype = 1
[LOG] SystemI::DSPCodecPoolRegister            : register codec pool for pool type 5
[LOG] SystemI::createSoundInternal             : Sample 0/1: name='avatar_arbeta_2', format=2, channels=2, frequency=48000, lengthbytes=28576, lengthpcm=49728, pcmblocksize=0, loopstart=0, loopend=0, mode=0x00000000, channelmask=0x00000000, channelorder=0, peakvolume=0.931610.
[LOG] SystemI::createSoundInternal             : Create name='', mode=0x02000202
[LOG] SystemI::createSoundInternal             : exinfo->cbsize             = 232
[LOG] SystemI::createSoundInternal             : exinfo->length             = 50712736
[LOG] SystemI::createSoundInternal             : exinfo->fileoffset         = 115648
[LOG] SystemI::createSoundInternal             : exinfo->numsubsounds       = 1
[LOG] SystemI::createSoundInternal             : exinfo->inclusionlist      = 00000000752FF5FC
[LOG] SystemI::createSoundInternal             : exinfo->inclusionlistnum   = 1
[LOG] SystemI::createSoundInternal             : exinfo->suggestedsoundtype = 5
[LOG] SystemI::createSoundInternal             : exinfo->useropen           = 000007FED1F5E4B0
[LOG] SystemI::createSoundInternal             : exinfo->userclose          = 000007FED1F5E480
[LOG] SystemI::createSoundInternal             : exinfo->userread           = 000007FED1F5E580
[LOG] SystemI::createSoundInternal             : exinfo->userseek           = 000007FED1F5E640
[LOG] SystemI::createSoundInternal             : exinfo->fileuserdata       = 000000005986F5F8
[LOG] SystemI::createSoundInternal             : exinfo->initialseekpostype = 1
[LOG] SystemI::DSPCodecPoolRegister            : register codec pool for pool type 5
[LOG] SystemI::createSoundInternal             : Sample 0/1: name='landa_sno', format=2, channels=2, frequency=48000, lengthbytes=53248, lengthpcm=102535, pcmblocksize=0, loopstart=0, loopend=0, mode=0x00000000, channelmask=0x00000000, channelorder=0, peakvolume=0.982117.
[LOG] SystemI::createSoundInternal             : Create name='', mode=0x02000202
[LOG] SystemI::createSoundInternal             : exinfo->cbsize             = 232
[LOG] SystemI::createSoundInternal             : exinfo->length             = 50712736
[LOG] SystemI::createSoundInternal             : exinfo->fileoffset         = 115648
[LOG] SystemI::createSoundInternal             : exinfo->numsubsounds       = 1
[LOG] SystemI::createSoundInternal             : exinfo->inclusionlist      = 00000000752FF5FC
[LOG] SystemI::createSoundInternal             : exinfo->inclusionlistnum   = 1
[LOG] SystemI::createSoundInternal             : exinfo->suggestedsoundtype = 5
[LOG] SystemI::createSoundInternal             : exinfo->useropen           = 000007FED1F5E4B0
[LOG] SystemI::createSoundInternal             : exinfo->userclose          = 000007FED1F5E480
[LOG] SystemI::createSoundInternal             : exinfo->userread           = 000007FED1F5E580
[LOG] SystemI::createSoundInternal             : exinfo->userseek           = 000007FED1F5E640
[LOG] SystemI::createSoundInternal             : exinfo->fileuserdata       = 000000005986F5F8
[LOG] SystemI::createSoundInternal             : exinfo->initialseekpostype = 1
[LOG] SystemI::DSPCodecPoolRegister            : register codec pool for pool type 5
[LOG] SystemI::createSoundInternal             : Sample 0/1: name='fotsteg_sno_7', format=2, channels=2, frequency=48000, lengthbytes=26336, lengthpcm=26795, pcmblocksize=0, loopstart=0, loopend=0, mode=0x00000000, channelmask=0x00000000, channelorder=0, peakvolume=0.701385.
[LOG] SystemI::createSoundInternal             : Create name='', mode=0x02000202
[LOG] SystemI::createSoundInternal             : exinfo->cbsize             = 232
[LOG] SystemI::createSoundInternal             : exinfo->length             = 50712736
[LOG] SystemI::createSoundInternal             : exinfo->fileoffset         = 115648
[LOG] SystemI::createSoundInternal             : exinfo->numsubsounds       = 1
[LOG] SystemI::createSoundInternal             : exinfo->inclusionlist      = 00000000752FF5FC
[LOG] SystemI::createSoundInternal             : exinfo->inclusionlistnum   = 1
[LOG] SystemI::createSoundInternal             : exinfo->suggestedsoundtype = 5
[LOG] SystemI::createSoundInternal             : exinfo->useropen           = 000007FED1F5E4B0
[LOG] SystemI::createSoundInternal             : exinfo->userclose          = 000007FED1F5E480
[LOG] SystemI::createSoundInternal             : exinfo->userread           = 000007FED1F5E580
[LOG] SystemI::createSoundInternal             : exinfo->userseek           = 000007FED1F5E640
[LOG] SystemI::createSoundInternal             : exinfo->fileuserdata       = 000000005986F5F8
[LOG] SystemI::createSoundInternal             : exinfo->initialseekpostype = 1
[LOG] SystemI::DSPCodecPoolRegister            : register codec pool for pool type 5
[LOG] SystemI::createSoundInternal             : Sample 0/1: name='fotsteg_sno_2', format=2, channels=2, frequency=48000, lengthbytes=32832, lengthpcm=34647, pcmblocksize=0, loopstart=0, loopend=0, mode=0x00000000, channelmask=0x00000000, channelorder=0, peakvolume=0.656403.
[LOG] SystemI::createSoundInternal             : Create name='', mode=0x02000202
[LOG] SystemI::createSoundInternal             : exinfo->cbsize             = 232
[LOG] SystemI::createSoundInternal             : exinfo->length             = 50712736
[LOG] SystemI::createSoundInternal             : exinfo->fileoffset         = 115648
[LOG] SystemI::createSoundInternal             : exinfo->numsubsounds       = 1
[LOG] SystemI::createSoundInternal             : exinfo->inclusionlist      = 00000000752FF5FC
[LOG] SystemI::createSoundInternal             : exinfo->inclusionlistnum   = 1
[LOG] SystemI::createSoundInternal             : exinfo->suggestedsoundtype = 5
[LOG] SystemI::createSoundInternal             : exinfo->useropen           = 000007FED1F5E4B0
[LOG] SystemI::createSoundInternal             : exinfo->userclose          = 000007FED1F5E480
[LOG] SystemI::createSoundInternal             : exinfo->userread           = 000007FED1F5E580
[LOG] SystemI::createSoundInternal             : exinfo->userseek           = 000007FED1F5E640
[LOG] SystemI::createSoundInternal             : exinfo->fileuserdata       = 000000005986F5F8
[LOG] SystemI::createSoundInternal             : exinfo->initialseekpostype = 1
[LOG] SystemI::DSPCodecPoolRegister            : register codec pool for pool type 5
[LOG] SystemI::createSoundInternal             : Sample 0/1: name='fotsteg_sno_1', format=2, channels=2, frequency=48000, lengthbytes=28128, lengthpcm=29754, pcmblocksize=0, loopstart=0, loopend=0, mode=0x00000000, channelmask=0x00000000, channelorder=0, peakvolume=0.982513.
[LOG] SystemI::createSoundInternal             : Create name='', mode=0x02000202
[LOG] SystemI::createSoundInternal             : exinfo->cbsize             = 232
[LOG] SystemI::createSoundInternal             : exinfo->length             = 50712736
[LOG] SystemI::createSoundInternal             : exinfo->fileoffset         = 115648
[LOG] SystemI::createSoundInternal             : exinfo->numsubsounds       = 1
[LOG] SystemI::createSoundInternal             : exinfo->inclusionlist      = 00000000752FF5FC
[LOG] SystemI::createSoundInternal             : exinfo->inclusionlistnum   = 1
[LOG] SystemI::createSoundInternal             : exinfo->suggestedsoundtype = 5
[LOG] SystemI::createSoundInternal             : exinfo->useropen           = 000007FED1F5E4B0
[LOG] SystemI::createSoundInternal             : exinfo->userclose          = 000007FED1F5E480
[LOG] SystemI::createSoundInternal             : exinfo->userread           = 000007FED1F5E580
[LOG] SystemI::createSoundInternal             : exinfo->userseek           = 000007FED1F5E640
[LOG] SystemI::createSoundInternal             : exinfo->fileuserdata       = 000000005986F5F8
[LOG] SystemI::createSoundInternal             : exinfo->initialseekpostype = 1
[LOG] SystemI::DSPCodecPoolRegister            : register codec pool for pool type 5
[LOG] SystemI::createSoundInternal             : Sample 0/1: name='fotsteg_sno_5', format=2, channels=2, frequency=48000, lengthbytes=31776, lengthpcm=31919, pcmblocksize=0, loopstart=0, loopend=0, mode=0x00000000, channelmask=0x00000000, channelorder=0, peakvolume=0.670776.
[LOG] SystemI::createSoundInternal             : Create name='', mode=0x02000202
[LOG] SystemI::createSoundInternal             : exinfo->cbsize             = 232
[LOG] SystemI::createSoundInternal             : exinfo->length             = 50712736
[LOG] SystemI::createSoundInternal             : exinfo->fileoffset         = 115648
[LOG] SystemI::createSoundInternal             : exinfo->numsubsounds       = 1
[LOG] SystemI::createSoundInternal             : exinfo->inclusionlist      = 00000000752FF5FC
[LOG] SystemI::createSoundInternal             : exinfo->inclusionlistnum   = 1
[LOG] SystemI::createSoundInternal             : exinfo->suggestedsoundtype = 5
[LOG] SystemI::createSoundInternal             : exinfo->useropen           = 000007FED1F5E4B0
[LOG] SystemI::createSoundInternal             : exinfo->userclose          = 000007FED1F5E480
[LOG] SystemI::createSoundInternal             : exinfo->userread           = 000007FED1F5E580
[LOG] SystemI::createSoundInternal             : exinfo->userseek           = 000007FED1F5E640
[LOG] SystemI::createSoundInternal             : exinfo->fileuserdata       = 000000005986F5F8
[LOG] SystemI::createSoundInternal             : exinfo->initialseekpostype = 1
[LOG] SystemI::DSPCodecPoolRegister            : register codec pool for pool type 5
[LOG] SystemI::createSoundInternal             : Sample 0/1: name='fotsteg_sno_8', format=2, channels=2, frequency=48000, lengthbytes=36416, lengthpcm=36250, pcmblocksize=0, loopstart=0, loopend=0, mode=0x00000000, channelmask=0x00000000, channelorder=0, peakvolume=0.572693.
[LOG] SystemI::createSoundInternal             : Create name='', mode=0x02000202
[LOG] SystemI::createSoundInternal             : exinfo->cbsize             = 232
[LOG] SystemI::createSoundInternal             : exinfo->length             = 50712736
[LOG] SystemI::createSoundInternal             : exinfo->fileoffset         = 115648
[LOG] SystemI::createSoundInternal             : exinfo->numsubsounds       = 1
[LOG] SystemI::createSoundInternal             : exinfo->inclusionlist      = 00000000752FF5FC
[LOG] SystemI::createSoundInternal             : exinfo->inclusionlistnum   = 1
[LOG] SystemI::createSoundInternal             : exinfo->suggestedsoundtype = 5
[LOG] SystemI::createSoundInternal             : exinfo->useropen           = 000007FED1F5E4B0
[LOG] SystemI::createSoundInternal             : exinfo->userclose          = 000007FED1F5E480
[LOG] SystemI::createSoundInternal             : exinfo->userread           = 000007FED1F5E580
[LOG] SystemI::createSoundInternal             : exinfo->userseek           = 000007FED1F5E640
[LOG] SystemI::createSoundInternal             : exinfo->fileuserdata       = 000000005986F5F8
[LOG] SystemI::createSoundInternal             : exinfo->initialseekpostype = 1
[LOG] SystemI::DSPCodecPoolRegister            : register codec pool for pool type 5
[LOG] SystemI::createSoundInternal             : Sample 0/1: name='fotsteg_sno_10', format=2, channels=2, frequency=48000, lengthbytes=31168, lengthpcm=32422, pcmblocksize=0, loopstart=0, loopend=0, mode=0x00000000, channelmask=0x00000000, channelorder=0, peakvolume=0.730133.
[LOG] SystemI::createSoundInternal             : Create name='', mode=0x02000202
[LOG] SystemI::createSoundInternal             : exinfo->cbsize             = 232
[LOG] SystemI::createSoundInternal             : exinfo->length             = 50712736
[LOG] SystemI::createSoundInternal             : exinfo->fileoffset         = 115648
[LOG] SystemI::createSoundInternal             : exinfo->numsubsounds       = 1
[LOG] SystemI::createSoundInternal             : exinfo->inclusionlist      = 00000000752FF5FC
[LOG] SystemI::createSoundInternal             : exinfo->inclusionlistnum   = 1
[LOG] SystemI::createSoundInternal             : exinfo->suggestedsoundtype = 5
[LOG] SystemI::createSoundInternal             : exinfo->useropen           = 000007FED1F5E4B0
[LOG] SystemI::createSoundInternal             : exinfo->userclose          = 000007FED1F5E480
[LOG] SystemI::createSoundInternal             : exinfo->userread           = 000007FED1F5E580
[LOG] SystemI::createSoundInternal             : exinfo->userseek           = 000007FED1F5E640
[LOG] SystemI::createSoundInternal             : exinfo->fileuserdata       = 000000005986F5F8
[LOG] SystemI::createSoundInternal             : exinfo->initialseekpostype = 1
[LOG] SystemI::DSPCodecPoolRegister            : register codec pool for pool type 5
[LOG] SystemI::createSoundInternal             : Sample 0/1: name='fotsteg_sno_4', format=2, channels=2, frequency=48000, lengthbytes=26912, lengthpcm=28190, pcmblocksize=0, loopstart=0, loopend=0, mode=0x00000000, channelmask=0x00000000, channelorder=0, peakvolume=0.544586.
[LOG] SystemI::createSoundInternal             : Create name='', mode=0x02000202
[LOG] SystemI::createSoundInternal             : exinfo->cbsize             = 232
[LOG] SystemI::createSoundInternal             : exinfo->length             = 50712736
[LOG] SystemI::createSoundInternal             : exinfo->fileoffset         = 115648
[LOG] SystemI::createSoundInternal             : exinfo->numsubsounds       = 1
[LOG] SystemI::createSoundInternal             : exinfo->inclusionlist      = 00000000752FF5FC
[LOG] SystemI::createSoundInternal             : exinfo->inclusionlistnum   = 1
[LOG] SystemI::createSoundInternal             : exinfo->suggestedsoundtype = 5
[LOG] SystemI::createSoundInternal             : exinfo->useropen           = 000007FED1F5E4B0
[LOG] SystemI::createSoundInternal             : exinfo->userclose          = 000007FED1F5E480
[LOG] SystemI::createSoundInternal             : exinfo->userread           = 000007FED1F5E580
[LOG] SystemI::createSoundInternal             : exinfo->userseek           = 000007FED1F5E640
[LOG] SystemI::createSoundInternal             : exinfo->fileuserdata       = 000000005986F5F8
[LOG] SystemI::createSoundInternal             : exinfo->initialseekpostype = 1
[LOG] SystemI::DSPCodecPoolRegister            : register codec pool for pool type 5
[LOG] SystemI::createSoundInternal             : Sample 0/1: name='fotsteg_sno_3', format=2, channels=2, frequency=48000, lengthbytes=37408, lengthpcm=38382, pcmblocksize=0, loopstart=0, loopend=0, mode=0x00000000, channelmask=0x00000000, channelorder=0, peakvolume=0.438446.
[LOG] SystemI::createSoundInternal             : Create name='', mode=0x02000202
[LOG] SystemI::createSoundInternal             : exinfo->cbsize             = 232
[LOG] SystemI::createSoundInternal             : exinfo->length             = 50712736
[LOG] SystemI::createSoundInternal             : exinfo->fileoffset         = 115648
[LOG] SystemI::createSoundInternal             : exinfo->numsubsounds       = 1
[LOG] SystemI::createSoundInternal             : exinfo->inclusionlist      = 00000000752FF5FC
[LOG] SystemI::createSoundInternal             : exinfo->inclusionlistnum   = 1
[LOG] SystemI::createSoundInternal             : exinfo->suggestedsoundtype = 5
[LOG] SystemI::createSoundInternal             : exinfo->useropen           = 000007FED1F5E4B0
[LOG] SystemI::createSoundInternal             : exinfo->userclose          = 000007FED1F5E480
[LOG] SystemI::createSoundInternal             : exinfo->userread           = 000007FED1F5E580
[LOG] SystemI::createSoundInternal             : exinfo->userseek           = 000007FED1F5E640
[LOG] SystemI::createSoundInternal             : exinfo->fileuserdata       = 000000005986F5F8
[LOG] SystemI::createSoundInternal             : exinfo->initialseekpostype = 1
[LOG] SystemI::DSPCodecPoolRegister            : register codec pool for pool type 5
[LOG] SystemI::createSoundInternal             : Sample 0/1: name='fotsteg_sno_9', format=2, channels=2, frequency=48000, lengthbytes=26816, lengthpcm=26361, pcmblocksize=0, loopstart=0, loopend=0, mode=0x00000000, channelmask=0x00000000, channelorder=0, peakvolume=0.655426.
[LOG] SystemI::createSoundInternal             : Create name='', mode=0x02000202
[LOG] SystemI::createSoundInternal             : exinfo->cbsize             = 232
[LOG] SystemI::createSoundInternal             : exinfo->length             = 50712736
[LOG] SystemI::createSoundInternal             : exinfo->fileoffset         = 115648
[LOG] SystemI::createSoundInternal             : exinfo->numsubsounds       = 1
[LOG] SystemI::createSoundInternal             : exinfo->inclusionlist      = 00000000752FF5FC
[LOG] SystemI::createSoundInternal             : exinfo->inclusionlistnum   = 1
[LOG] SystemI::createSoundInternal             : exinfo->suggestedsoundtype = 5
[LOG] SystemI::createSoundInternal             : exinfo->useropen           = 000007FED1F5E4B0
[LOG] SystemI::createSoundInternal             : exinfo->userclose          = 000007FED1F5E480
[LOG] SystemI::createSoundInternal             : exinfo->userread           = 000007FED1F5E580
[LOG] SystemI::createSoundInternal             : exinfo->userseek           = 000007FED1F5E640
[LOG] SystemI::createSoundInternal             : exinfo->fileuserdata       = 000000005986F5F8
[LOG] SystemI::createSoundInternal             : exinfo->initialseekpostype = 1
[LOG] SystemI::DSPCodecPoolRegister            : register codec pool for pool type 5
[LOG] SystemI::createSoundInternal             : Sample 0/1: name='fotsteg_sno_6', format=2, channels=2, frequency=48000, lengthbytes=31488, lengthpcm=31091, pcmblocksize=0, loopstart=0, loopend=0, mode=0x00000000, channelmask=0x00000000, channelorder=0, peakvolume=0.463867.
[LOG] SoundI::release                          :  (0000000067EF48F8)
[LOG] SoundI::release                          :     fotsteg_sno_1 (000000000ED71108)
[LOG] SoundI::release                          :  (0000000067D9F3F8)
[LOG] SoundI::release                          :     fotsteg_sno_10 (000000000ED70A88)
[LOG] SystemI::createSoundInternal             : Create name='', mode=0x02000202
[LOG] SystemI::createSoundInternal             : exinfo->cbsize             = 232
[LOG] SystemI::createSoundInternal             : exinfo->length             = 50712736
[LOG] SystemI::createSoundInternal             : exinfo->fileoffset         = 115648
[LOG] SystemI::createSoundInternal             : exinfo->numsubsounds       = 1
[LOG] SystemI::createSoundInternal             : exinfo->inclusionlist      = 00000000752FF5FC
[LOG] SystemI::createSoundInternal             : exinfo->inclusionlistnum   = 1
[LOG] SystemI::createSoundInternal             : exinfo->suggestedsoundtype = 5
[LOG] SystemI::createSoundInternal             : exinfo->useropen           = 000007FED1F5E4B0
[LOG] SystemI::createSoundInternal             : exinfo->userclose          = 000007FED1F5E480
[LOG] SystemI::createSoundInternal             : exinfo->userread           = 000007FED1F5E580
[LOG] SystemI::createSoundInternal             : exinfo->userseek           = 000007FED1F5E640
[LOG] SystemI::createSoundInternal             : exinfo->fileuserdata       = 000000005986F5F8
[LOG] SystemI::createSoundInternal             : exinfo->initialseekpostype = 1
[LOG] SystemI::DSPCodecPoolRegister            : register codec pool for pool type 5
[LOG] SystemI::createSoundInternal             : Sample 0/1: name='fotsteg_sno_1', format=2, channels=2, frequency=48000, lengthbytes=28128, lengthpcm=29754, pcmblocksize=0, loopstart=0, loopend=0, mode=0x00000000, channelmask=0x00000000, channelorder=0, peakvolume=0.982513.
[LOG] SystemI::createSoundInternal             : Create name='', mode=0x02000202
[LOG] SystemI::createSoundInternal             : exinfo->cbsize             = 232
[LOG] SystemI::createSoundInternal             : exinfo->length             = 50712736
[LOG] SystemI::createSoundInternal             : exinfo->fileoffset         = 115648
[LOG] SystemI::createSoundInternal             : exinfo->numsubsounds       = 1
[LOG] SystemI::createSoundInternal             : exinfo->inclusionlist      = 00000000752FF5FC
[LOG] SystemI::createSoundInternal             : exinfo->inclusionlistnum   = 1
[LOG] SystemI::createSoundInternal             : exinfo->suggestedsoundtype = 5
[LOG] SystemI::createSoundInternal             : exinfo->useropen           = 000007FED1F5E4B0
[LOG] SystemI::createSoundInternal             : exinfo->userclose          = 000007FED1F5E480
[LOG] SystemI::createSoundInternal             : exinfo->userread           = 000007FED1F5E580
[LOG] SystemI::createSoundInternal             : exinfo->userseek           = 000007FED1F5E640
[LOG] SystemI::createSoundInternal             : exinfo->fileuserdata       = 000000005986F5F8
[LOG] SystemI::createSoundInternal             : exinfo->initialseekpostype = 1
[LOG] SystemI::DSPCodecPoolRegister            : register codec pool for pool type 5
[LOG] SystemI::createSoundInternal             : Sample 0/1: name='fotsteg_sno_10', format=2, channels=2, frequency=48000, lengthbytes=31168, lengthpcm=32422, pcmblocksize=0, loopstart=0, loopend=0, mode=0x00000000, channelmask=0x00000000, channelorder=0, peakvolume=0.730133.
[LOG] SoundI::release                          :  (0000000067D9F3F8)
[LOG] SoundI::release                          :     fotsteg_sno_1 (000000000ED70A88)
[LOG] SoundI::release                          :  (0000000067D9FB28)
[LOG] SoundI::release                          :     fotsteg_sno_10 (000000000ED71108)
[LOG] SoundI::release                          :  (0000000067EF4788)
[LOG] SoundI::release                          :     fotsteg_sno_2 (000000000ED71788)
[LOG] SoundI::release                          :  (0000000067D9F6D8)
[LOG] SoundI::release                          :     fotsteg_sno_3 (0000000059C1EE28)
[LOG] SoundI::release                          :  (0000000067D9F568)
[LOG] SoundI::release                          :     fotsteg_sno_4 (000000000ED71928)
[LOG] SoundI::release                          :  (0000000067EF4A68)
[LOG] SoundI::release                          :     fotsteg_sno_5 (000000000ED712A8)
[LOG] SoundI::release                          :  (0000000067D9F9B8)
[LOG] SoundI::release                          :     fotsteg_sno_6 (0000000059C1E468)
[LOG] SoundI::release                          :  (0000000067EF4618)
[LOG] SoundI::release                          :     fotsteg_sno_7 (000000000ED715E8)
[LOG] SoundI::release                          :  (0000000067EF4BD8)
[LOG] SoundI::release                          :     fotsteg_sno_8 (000000000ED70F68)
[LOG] SoundI::release                          :  (0000000067D9F848)
[LOG] SoundI::release                          :     fotsteg_sno_9 (0000000059C1EC88)
[LOG] SoundI::release                          :  (0000000067EF41C8)
[LOG] SoundI::release                          :     avatar_arbeta_2 (000000000ED71AC8)
[LOG] SoundI::release                          :  (0000000067EF44A8)
[LOG] SoundI::release                          :     landa_sno (000000000ED71448)
[LOG] Thread::callback                         : FMOD Studio update thread finished.
[LOG] Thread::callback                         : FMOD Studio bank load thread finished.
[LOG] Profile::disconnectAll                   : Profiler disconnecting all clients
[LOG] Thread::callback                         : FMOD Studio sample load thread finished.
[LOG] LiveUpdate::release                      : 
[LOG] LiveUpdate::reset                        : Reset connection (reason Disconnected)
[LOG] Thread::callback                         : FMOD stream thread finished.
[LOG] Thread::callback                         : FMOD mixer thread finished.
[LOG] Profile::disconnectAll                   : Profiler disconnecting all clients
[LOG] SystemI::close                           : Closed.
