[LOG] System::create                           : Header version = 1.10.04. Current version = 1.10.04.
[LOG] Manager::init                            : maxchannels = 256 studioflags = 00000006 flags 00000000 extradriverdata 0000000000000000.
[LOG] SystemI::init                            : Initialize version=11004 (93853), maxchannels=256, flags=0x00020000
[LOG] SystemI::setOutputInternal               : Setting output to 'FMOD WASAPI Output'
[LOG] OutputWASAPI::init                       : Mix Format (WAVEFORMATEX): wFormatTag=0xFFFE, nChannels=2, nSamplesPerSec=48000, nAvgBytesPerSec=384000, nBlockAlign=8, wBitsPerSample=32, cbSize=22.
[LOG] OutputWASAPI::init                       : Mix Format (WAVEFORMATEXTENSIBLE): wValidBitsPerSample=32, dwChannelMask=0x00000003, SubFormat=00000003-0000-0010-8000-00AA00389B71.
[LOG] OutputWASAPI::init                       : Output buffer size: 4096 samples, latency: 10.67ms, period: 10.00ms, DSP buffer: 1024 * 4
[LOG] Thread::initThread                       : Init FMOD stream thread. Priority: 2, Stack Size: 65536, Semaphore: No, Sleep Time: 10, Looping: Yes.
[LOG] Thread::initThread                       : Init FMOD mixer thread. Priority: 3, Stack Size: 49152, Semaphore: No, Sleep Time: 0, Looping: Yes.
[LOG] AsyncManager::init                       : manager 00000000544C70D8 isAsync 0 updatePeriod 0.02
[LOG] AsyncManager::init                       : done
[LOG] PlaybackSystem::init                     : 
[LOG] Thread::initThread                       : Init FMOD Studio sample load thread. Priority: 0, Stack Size: 65536, Semaphore: No, Sleep Time: 1, Looping: No.
[LOG] PlaybackSystem::init                     : done
[LOG] Thread::initThread                       : Init FMOD Studio bank load thread. Priority: 0, Stack Size: 65536, Semaphore: No, Sleep Time: 1, Looping: No.
[LOG] Manager::init                            : done.
[LOG] Manager::readBank                        : fileversion = 99, compatVersion = 99 (oldest = 44, newest = 100)
[LOG] PlaybackSystem::acquireMasterBus         : Setting master channel group format to 3
[LOG] SystemI::createSound                     : filename = \\hsnas6\StudentHome\2015\d15johla\Downloads\lits fmod 0.1\Lost In The Snow FMOD\Lost In The Snow FMOD\Build\Desktop\Master Bank.bank : mode 02010082
[LOG] SystemI::createSound                     : FMOD_NONBLOCKING specified.  Putting into queue to be opened asynchronously!
[LOG] SystemI::createSound                     : setdata soundi = 0000000053B28918 : node = 00000000539CC3B0
[LOG] SystemI::createSound                     : add node to async list : head = 0000000041518BA8.  list count = 0
[LOG] AsyncThread::threadFunc                  : Starting Asynchronous operation on sound 0000000053B28918
[LOG] SystemI::createSoundInternal             :     Create name='\\hsnas6\StudentHome\2015\d15johla\Downloads\lits fmod 0.1\Lost In The Snow FMOD\Lost In The Snow FMOD\Build\Desktop\Master Bank.bank', mode=0x02010082
[LOG] SystemI::createSoundInternal             :     exinfo->cbsize             = 232
[LOG] SystemI::createSoundInternal             :     exinfo->length             = 24469184
[LOG] SystemI::createSoundInternal             :     exinfo->fileoffset         = 40544
[LOG] SystemI::createSoundInternal             :     exinfo->numsubsounds       = 1
[LOG] SystemI::createSoundInternal             :     exinfo->inclusionlist      = 00000000539CC4C8
[LOG] SystemI::createSoundInternal             :     exinfo->inclusionlistnum   = 1
[LOG] SystemI::createSoundInternal             :     exinfo->suggestedsoundtype = 5
[LOG] SystemI::createSoundInternal             :     exinfo->initialseekpostype = 1
[LOG] SystemI::createSoundInternal             :     Stream 0/1: name='starta_eld', format=2, channels=2, frequency=48000, lengthbytes=565568, lengthpcm=645523, pcmblocksize=0, loopstart=0, loopend=0, mode=0x00000000, channelmask=0x00000000, channelorder=0, peakvolume=0.999695.
[LOG] AsyncThread::threadFunc                  : Finished Asynchronous operation on sound 0000000053B28918
[LOG] SoundI::getSubSound                      : sound 0000000053B28918.  Subsound index 0 / 1
[LOG] SystemI::createSound                     : filename = \\hsnas6\StudentHome\2015\d15johla\Downloads\lits fmod 0.1\Lost In The Snow FMOD\Lost In The Snow FMOD\Build\Desktop\Master Bank.bank : mode 02010082
[LOG] SystemI::createSound                     : FMOD_NONBLOCKING specified.  Putting into queue to be opened asynchronously!
[LOG] SystemI::createSound                     : setdata soundi = 0000000053B28AC8 : node = 00000000539CC7A0
[LOG] SystemI::createSound                     : add node to async list : head = 0000000041518BA8.  list count = 0
[LOG] AsyncThread::threadFunc                  : Starting Asynchronous operation on sound 0000000053B28AC8
[LOG] SystemI::createSoundInternal             :     Create name='\\hsnas6\StudentHome\2015\d15johla\Downloads\lits fmod 0.1\Lost In The Snow FMOD\Lost In The Snow FMOD\Build\Desktop\Master Bank.bank', mode=0x02010082
[LOG] SystemI::createSoundInternal             :     exinfo->cbsize             = 232
[LOG] SystemI::createSoundInternal             :     exinfo->length             = 24469184
[LOG] SystemI::createSoundInternal             :     exinfo->fileoffset         = 40544
[LOG] SystemI::createSoundInternal             :     exinfo->numsubsounds       = 1
[LOG] SystemI::createSoundInternal             :     exinfo->inclusionlist      = 00000000539CC8B8
[LOG] SystemI::createSoundInternal             :     exinfo->inclusionlistnum   = 1
[LOG] SystemI::createSoundInternal             :     exinfo->suggestedsoundtype = 5
[LOG] SystemI::createSoundInternal             :     exinfo->initialseekpostype = 1
[LOG] SystemI::createSoundInternal             :     Stream 0/1: name='stuga_eldstad', format=2, channels=2, frequency=48000, lengthbytes=2145536, lengthpcm=2124480, pcmblocksize=0, loopstart=0, loopend=0, mode=0x00000000, channelmask=0x00000000, channelorder=0, peakvolume=0.998993.
[LOG] AsyncThread::threadFunc                  : Finished Asynchronous operation on sound 0000000053B28AC8
[LOG] SoundI::getSubSound                      : sound 0000000053B28AC8.  Subsound index 0 / 1
[LOG] AsyncThread::threadFunc                  : Starting Asynchronous operation on sound 0000000053DF68C8
[LOG] AsyncThread::threadFunc                  : Finished Asynchronous operation on sound 0000000053DF68C8
[LOG] SoundI::release                          : starta_eld (0000000053B28918)
[LOG] SoundI::release                          :     starta_eld (0000000041518BF8)
[LOG] SoundI::release                          :     starta_eld (0000000053DF6718)
[LOG] SoundI::release                          : stuga_eldstad (0000000053B28AC8)
[LOG] SoundI::release                          :     stuga_eldstad (0000000041518D98)
[LOG] SoundI::release                          :     stuga_eldstad (0000000053DF68C8)
